2019-08-27 09:54:51 [INFO] [main] com.chuxi.StartApp - Starting StartApp on M7NRAZF6X2ZPB25 with PID 6596 (E:\youyoubo_git\chuxi\target\classes started by Administrator in E:\youyoubo_git\chuxi)
2019-08-27 09:54:51 [INFO] [main] com.chuxi.StartApp - The following profiles are active: dev
2019-08-27 09:54:51 [INFO] [background-preinit] o.h.validator.internal.util.Version - HV000001: Hibernate Validator 5.3.6.Final
2019-08-27 09:54:51 [INFO] [main] o.s.b.c.e.AnnotationConfigEmbeddedWebApplicationContext - Refreshing org.springframework.boot.context.embedded.AnnotationConfigEmbeddedWebApplicationContext@77283b23: startup date [Tue Aug 27 09:54:51 CST 2019]; root of context hierarchy
2019-08-27 09:54:52 [INFO] [main] o.s.c.s.PostProcessorRegistrationDelegate$BeanPostProcessorChecker - Bean 'org.springframework.transaction.annotation.ProxyTransactionManagementConfiguration' of type [org.springframework.transaction.annotation.ProxyTransactionManagementConfiguration$$EnhancerBySpringCGLIB$$663312e1] is not eligible for getting processed by all BeanPostProcessors (for example: not eligible for auto-proxying)
2019-08-27 09:54:52 [INFO] [main] o.s.c.s.PostProcessorRegistrationDelegate$BeanPostProcessorChecker - Bean 'druidConfiguration' of type [com.chuxi.config.DruidConfiguration$$EnhancerBySpringCGLIB$$d34185ec] is not eligible for getting processed by all BeanPostProcessors (for example: not eligible for auto-proxying)
2019-08-27 09:54:53 [INFO] [main] o.s.c.s.PostProcessorRegistrationDelegate$BeanPostProcessorChecker - Bean 'statFilter' of type [com.alibaba.druid.filter.stat.StatFilter] is not eligible for getting processed by all BeanPostProcessors (for example: not eligible for auto-proxying)
2019-08-27 09:54:53 [INFO] [main] o.s.c.s.PostProcessorRegistrationDelegate$BeanPostProcessorChecker - Bean 'wallConfig' of type [com.alibaba.druid.wall.WallConfig] is not eligible for getting processed by all BeanPostProcessors (for example: not eligible for auto-proxying)
2019-08-27 09:54:53 [INFO] [main] o.s.c.s.PostProcessorRegistrationDelegate$BeanPostProcessorChecker - Bean 'wallFilter' of type [com.alibaba.druid.wall.WallFilter] is not eligible for getting processed by all BeanPostProcessors (for example: not eligible for auto-proxying)
2019-08-27 09:54:53 [INFO] [main] o.s.c.s.PostProcessorRegistrationDelegate$BeanPostProcessorChecker - Bean 'log4jFilter' of type [com.alibaba.druid.filter.logging.Log4jFilter] is not eligible for getting processed by all BeanPostProcessors (for example: not eligible for auto-proxying)
2019-08-27 09:54:53 [INFO] [main] o.s.c.s.PostProcessorRegistrationDelegate$BeanPostProcessorChecker - Bean 'dataSource' of type [com.alibaba.druid.pool.DruidDataSource] is not eligible for getting processed by all BeanPostProcessors (for example: not eligible for auto-proxying)
2019-08-27 09:54:53 [INFO] [main] o.s.c.s.PostProcessorRegistrationDelegate$BeanPostProcessorChecker - Bean 'org.springframework.boot.autoconfigure.jdbc.DataSourceAutoConfiguration' of type [org.springframework.boot.autoconfigure.jdbc.DataSourceAutoConfiguration$$EnhancerBySpringCGLIB$$4826b641] is not eligible for getting processed by all BeanPostProcessors (for example: not eligible for auto-proxying)
2019-08-27 09:54:53 [INFO] [main] o.s.c.s.PostProcessorRegistrationDelegate$BeanPostProcessorChecker - Bean 'spring.datasource-org.springframework.boot.autoconfigure.jdbc.DataSourceProperties' of type [org.springframework.boot.autoconfigure.jdbc.DataSourceProperties] is not eligible for getting processed by all BeanPostProcessors (for example: not eligible for auto-proxying)
2019-08-27 09:54:53 [INFO] [main] o.s.c.s.PostProcessorRegistrationDelegate$BeanPostProcessorChecker - Bean 'dataSourceInitializer' of type [org.springframework.boot.autoconfigure.jdbc.DataSourceInitializer] is not eligible for getting processed by all BeanPostProcessors (for example: not eligible for auto-proxying)
2019-08-27 09:54:53 [INFO] [main] o.s.c.s.PostProcessorRegistrationDelegate$BeanPostProcessorChecker - Bean 'transactionManager' of type [org.springframework.jdbc.datasource.DataSourceTransactionManager] is not eligible for getting processed by all BeanPostProcessors (for example: not eligible for auto-proxying)
2019-08-27 09:54:53 [INFO] [main] o.s.c.s.PostProcessorRegistrationDelegate$BeanPostProcessorChecker - Bean 'transactionAdviceConfig' of type [com.chuxi.config.TransactionAdviceConfig$$EnhancerBySpringCGLIB$$78c69acc] is not eligible for getting processed by all BeanPostProcessors (for example: not eligible for auto-proxying)
2019-08-27 09:54:53 [INFO] [main] o.s.c.s.PostProcessorRegistrationDelegate$BeanPostProcessorChecker - Bean 'txAdvice' of type [org.springframework.transaction.interceptor.TransactionInterceptor] is not eligible for getting processed by all BeanPostProcessors (for example: not eligible for auto-proxying)
2019-08-27 09:54:53 [INFO] [main] o.s.c.s.PostProcessorRegistrationDelegate$BeanPostProcessorChecker - Bean 'txAdviceAdvisor' of type [org.springframework.aop.support.DefaultPointcutAdvisor] is not eligible for getting processed by all BeanPostProcessors (for example: not eligible for auto-proxying)
2019-08-27 09:54:53 [INFO] [main] o.s.b.c.e.t.TomcatEmbeddedServletContainer - Tomcat initialized with port(s): 80 (http)
2019-08-27 09:54:53 [INFO] [main] o.a.coyote.http11.Http11NioProtocol - Initializing ProtocolHandler ["http-nio-80"]
2019-08-27 09:54:54 [INFO] [main] o.a.catalina.core.StandardService - Starting service [Tomcat]
2019-08-27 09:54:54 [INFO] [main] o.a.catalina.core.StandardEngine - Starting Servlet Engine: Apache Tomcat/8.5.31
2019-08-27 09:54:54 [INFO] [localhost-startStop-1] o.a.c.c.C.[Tomcat].[localhost].[/] - Initializing Spring embedded WebApplicationContext
2019-08-27 09:54:54 [INFO] [localhost-startStop-1] o.s.web.context.ContextLoader - Root WebApplicationContext: initialization completed in 2359 ms
2019-08-27 09:54:54 [INFO] [localhost-startStop-1] o.s.b.w.s.ServletRegistrationBean - Mapping servlet: 'statViewServlet' to [/druid/*]
2019-08-27 09:54:54 [INFO] [localhost-startStop-1] o.s.b.w.s.ServletRegistrationBean - Mapping servlet: 'dispatcherServlet' to [/]
2019-08-27 09:54:54 [INFO] [localhost-startStop-1] o.s.b.w.s.FilterRegistrationBean - Mapping filter: 'characterEncodingFilter' to: [/*]
2019-08-27 09:54:54 [INFO] [localhost-startStop-1] o.s.b.w.s.FilterRegistrationBean - Mapping filter: 'hiddenHttpMethodFilter' to: [/*]
2019-08-27 09:54:54 [INFO] [localhost-startStop-1] o.s.b.w.s.FilterRegistrationBean - Mapping filter: 'httpPutFormContentFilter' to: [/*]
2019-08-27 09:54:54 [INFO] [localhost-startStop-1] o.s.b.w.s.FilterRegistrationBean - Mapping filter: 'requestContextFilter' to: [/*]
2019-08-27 09:54:54 [INFO] [localhost-startStop-1] o.s.b.w.s.FilterRegistrationBean - Mapping filter: 'webStatFilter' to urls: [/*]
2019-08-27 09:54:55 [INFO] [main] o.s.s.c.ThreadPoolTaskExecutor - Initializing ExecutorService 
2019-08-27 09:54:55 [INFO] [main] o.s.s.c.ThreadPoolTaskExecutor - Initializing ExecutorService  'taskExecutor'
2019-08-27 09:54:55 [INFO] [main] o.s.w.s.m.m.a.RequestMappingHandlerAdapter - Looking for @ControllerAdvice: org.springframework.boot.context.embedded.AnnotationConfigEmbeddedWebApplicationContext@77283b23: startup date [Tue Aug 27 09:54:51 CST 2019]; root of context hierarchy
2019-08-27 09:54:55 [INFO] [main] o.s.w.s.m.m.a.RequestMappingHandlerMapping - Mapped "{[/dm/selectDM_CITYCount],methods=[POST]}" onto public com.tcwy.distribute.result.BaseResult<java.lang.Integer> com.chuxi.dm.controller.DM_CITYController.selectDM_CITYCount(java.util.Map)
2019-08-27 09:54:55 [INFO] [main] o.s.w.s.m.m.a.RequestMappingHandlerMapping - Mapped "{[/dm/insertDM_CITY],methods=[POST]}" onto public com.tcwy.distribute.result.BaseResult com.chuxi.dm.controller.DM_CITYController.insertDM_CITY(java.util.Map)
2019-08-27 09:54:55 [INFO] [main] o.s.w.s.m.m.a.RequestMappingHandlerMapping - Mapped "{[/dm/deleteDM_CITY],methods=[POST]}" onto public com.tcwy.distribute.result.BaseResult com.chuxi.dm.controller.DM_CITYController.deleteDM_CITY(java.util.Map)
2019-08-27 09:54:55 [INFO] [main] o.s.w.s.m.m.a.RequestMappingHandlerMapping - Mapped "{[/dm/updateDM_CITY],methods=[POST]}" onto public com.tcwy.distribute.result.BaseResult com.chuxi.dm.controller.DM_CITYController.updateDM_CITY(java.util.Map)
2019-08-27 09:54:55 [INFO] [main] o.s.w.s.m.m.a.RequestMappingHandlerMapping - Mapped "{[/dm/selectDM_CITY],methods=[POST]}" onto public com.tcwy.distribute.result.BaseResult<java.util.List<java.util.Map>> com.chuxi.dm.controller.DM_CITYController.selectDM_CITY(java.util.Map)
2019-08-27 09:54:55 [INFO] [main] o.s.w.s.m.m.a.RequestMappingHandlerMapping - Mapped "{[/dm/insertDM_PROVINCE],methods=[POST]}" onto public com.tcwy.distribute.result.BaseResult com.chuxi.dm.controller.DM_PROVINCEController.insertDM_PROVINCE(java.util.Map)
2019-08-27 09:54:55 [INFO] [main] o.s.w.s.m.m.a.RequestMappingHandlerMapping - Mapped "{[/dm/deleteDM_PROVINCE],methods=[POST]}" onto public com.tcwy.distribute.result.BaseResult com.chuxi.dm.controller.DM_PROVINCEController.deleteDM_PROVINCE(java.util.Map)
2019-08-27 09:54:55 [INFO] [main] o.s.w.s.m.m.a.RequestMappingHandlerMapping - Mapped "{[/dm/updateDM_PROVINCE],methods=[POST]}" onto public com.tcwy.distribute.result.BaseResult com.chuxi.dm.controller.DM_PROVINCEController.updateDM_PROVINCE(java.util.Map)
2019-08-27 09:54:55 [INFO] [main] o.s.w.s.m.m.a.RequestMappingHandlerMapping - Mapped "{[/dm/selectDM_PROVINCE],methods=[POST]}" onto public com.tcwy.distribute.result.BaseResult<java.util.List<java.util.Map>> com.chuxi.dm.controller.DM_PROVINCEController.selectDM_PROVINCE(java.util.Map)
2019-08-27 09:54:55 [INFO] [main] o.s.w.s.m.m.a.RequestMappingHandlerMapping - Mapped "{[/dm/selectDM_PROVINCECount],methods=[POST]}" onto public com.tcwy.distribute.result.BaseResult<java.lang.Integer> com.chuxi.dm.controller.DM_PROVINCEController.selectDM_PROVINCECount(java.util.Map)
2019-08-27 09:54:56 [INFO] [main] o.s.w.s.m.m.a.RequestMappingHandlerMapping - Mapped "{[/sms/selectSMS_CODECount],methods=[POST]}" onto public com.tcwy.distribute.result.BaseResult<java.lang.Integer> com.chuxi.sms.controller.SMS_CODEController.selectSMS_CODECount(java.util.Map)
2019-08-27 09:54:56 [INFO] [main] o.s.w.s.m.m.a.RequestMappingHandlerMapping - Mapped "{[/sms/insertSMS_CODE],methods=[POST]}" onto public com.tcwy.distribute.result.BaseResult com.chuxi.sms.controller.SMS_CODEController.insertSMS_CODE(java.util.Map)
2019-08-27 09:54:56 [INFO] [main] o.s.w.s.m.m.a.RequestMappingHandlerMapping - Mapped "{[/sms/deleteSMS_CODE],methods=[POST]}" onto public com.tcwy.distribute.result.BaseResult com.chuxi.sms.controller.SMS_CODEController.deleteSMS_CODE(java.util.Map)
2019-08-27 09:54:56 [INFO] [main] o.s.w.s.m.m.a.RequestMappingHandlerMapping - Mapped "{[/sms/updateSMS_CODE],methods=[POST]}" onto public com.tcwy.distribute.result.BaseResult com.chuxi.sms.controller.SMS_CODEController.updateSMS_CODE(java.util.Map)
2019-08-27 09:54:56 [INFO] [main] o.s.w.s.m.m.a.RequestMappingHandlerMapping - Mapped "{[/sms/selectSMS_CODE],methods=[POST]}" onto public com.tcwy.distribute.result.BaseResult<java.util.List<java.util.Map>> com.chuxi.sms.controller.SMS_CODEController.selectSMS_CODE(java.util.Map)
2019-08-27 09:54:56 [INFO] [main] o.s.w.s.m.m.a.RequestMappingHandlerMapping - Mapped "{[/sms/getCode],methods=[POST]}" onto public com.tcwy.distribute.result.BaseResult com.chuxi.sms.controller.SMS_CODEController.getCode(java.util.Map)
2019-08-27 09:54:56 [INFO] [main] o.s.w.s.m.m.a.RequestMappingHandlerMapping - Mapped "{[/user/selectUSER_INFOCount],methods=[POST]}" onto public com.tcwy.distribute.result.BaseResult<java.lang.Integer> com.chuxi.user.controller.USER_INFOController.selectUSER_INFOCount(java.util.Map)
2019-08-27 09:54:56 [INFO] [main] o.s.w.s.m.m.a.RequestMappingHandlerMapping - Mapped "{[/user/deleteUSER_INFO],methods=[POST]}" onto public com.tcwy.distribute.result.BaseResult com.chuxi.user.controller.USER_INFOController.deleteUSER_INFO(java.util.Map)
2019-08-27 09:54:56 [INFO] [main] o.s.w.s.m.m.a.RequestMappingHandlerMapping - Mapped "{[/user/insertUSER_INFO],methods=[POST]}" onto public com.tcwy.distribute.result.BaseResult com.chuxi.user.controller.USER_INFOController.insertUSER_INFO(java.util.Map)
2019-08-27 09:54:56 [INFO] [main] o.s.w.s.m.m.a.RequestMappingHandlerMapping - Mapped "{[/user/updateUSER_INFO],methods=[POST]}" onto public com.tcwy.distribute.result.BaseResult com.chuxi.user.controller.USER_INFOController.updateUSER_INFO(java.util.Map)
2019-08-27 09:54:56 [INFO] [main] o.s.w.s.m.m.a.RequestMappingHandlerMapping - Mapped "{[/user/selectUSER_INFO],methods=[POST]}" onto public com.tcwy.distribute.result.BaseResult<java.util.List<java.util.Map>> com.chuxi.user.controller.USER_INFOController.selectUSER_INFO(java.util.Map)
2019-08-27 09:54:56 [INFO] [main] o.s.w.s.m.m.a.RequestMappingHandlerMapping - Mapped "{[/user/doSave],methods=[POST]}" onto public com.tcwy.distribute.result.BaseResult com.chuxi.user.controller.USER_INFOController.doSave(java.util.Map)
2019-08-27 09:54:56 [INFO] [main] o.s.w.s.m.m.a.RequestMappingHandlerMapping - Mapped "{[/config],methods=[POST]}" onto public me.chanjar.weixin.common.bean.WxJsapiSignature com.chuxi.wx.controller.AccessController.getConfig(java.util.Map) throws java.lang.Exception
2019-08-27 09:54:56 [INFO] [main] o.s.w.s.m.m.a.RequestMappingHandlerMapping - Mapped "{[/access],methods=[GET]}" onto public java.lang.String com.chuxi.wx.controller.AccessController.doGet(java.lang.String,java.lang.String,java.lang.String,java.lang.String)
2019-08-27 09:54:56 [INFO] [main] o.s.w.s.m.m.a.RequestMappingHandlerMapping - Mapped "{[/access],methods=[POST]}" onto public java.lang.String com.chuxi.wx.controller.AccessController.doPost(java.lang.String,java.lang.String,java.lang.String,java.lang.String,java.lang.String,java.lang.String)
2019-08-27 09:54:56 [INFO] [main] o.s.w.s.m.m.a.RequestMappingHandlerMapping - Mapped "{[/oauth/userInfo],methods=[GET]}" onto public java.lang.String com.chuxi.wx.controller.OauthController.userInfo(java.lang.String,java.lang.String) throws java.lang.Exception
2019-08-27 09:54:56 [INFO] [main] o.s.w.s.m.m.a.RequestMappingHandlerMapping - Mapped "{[/oauth/authorize],methods=[GET]}" onto public java.lang.String com.chuxi.wx.controller.OauthController.authorize(java.lang.String)
2019-08-27 09:54:56 [INFO] [main] o.s.w.s.m.m.a.RequestMappingHandlerMapping - Mapped "{[/wx/selectWX_MSGCount],methods=[POST]}" onto public com.tcwy.distribute.result.BaseResult<java.lang.Integer> com.chuxi.wx.controller.WX_MSGController.selectWX_MSGCount(java.util.Map)
2019-08-27 09:54:56 [INFO] [main] o.s.w.s.m.m.a.RequestMappingHandlerMapping - Mapped "{[/wx/updateWX_MSG],methods=[POST]}" onto public com.tcwy.distribute.result.BaseResult com.chuxi.wx.controller.WX_MSGController.updateWX_MSG(java.util.Map)
2019-08-27 09:54:56 [INFO] [main] o.s.w.s.m.m.a.RequestMappingHandlerMapping - Mapped "{[/wx/insertWX_MSG],methods=[POST]}" onto public com.tcwy.distribute.result.BaseResult com.chuxi.wx.controller.WX_MSGController.insertWX_MSG(java.util.Map)
2019-08-27 09:54:56 [INFO] [main] o.s.w.s.m.m.a.RequestMappingHandlerMapping - Mapped "{[/wx/selectWX_MSG],methods=[POST]}" onto public com.tcwy.distribute.result.BaseResult<java.util.List<java.util.Map>> com.chuxi.wx.controller.WX_MSGController.selectWX_MSG(java.util.Map)
2019-08-27 09:54:56 [INFO] [main] o.s.w.s.m.m.a.RequestMappingHandlerMapping - Mapped "{[/wx/deleteWX_MSG],methods=[POST]}" onto public com.tcwy.distribute.result.BaseResult com.chuxi.wx.controller.WX_MSGController.deleteWX_MSG(java.util.Map)
2019-08-27 09:54:56 [INFO] [main] o.s.w.s.m.m.a.RequestMappingHandlerMapping - Mapped "{[/wx/selectWX_SUBSCRIBECount],methods=[POST]}" onto public com.tcwy.distribute.result.BaseResult<java.lang.Integer> com.chuxi.wx.controller.WX_SUBSCRIBEController.selectWX_SUBSCRIBECount(java.util.Map)
2019-08-27 09:54:56 [INFO] [main] o.s.w.s.m.m.a.RequestMappingHandlerMapping - Mapped "{[/wx/insertWX_SUBSCRIBE],methods=[POST]}" onto public com.tcwy.distribute.result.BaseResult com.chuxi.wx.controller.WX_SUBSCRIBEController.insertWX_SUBSCRIBE(java.util.Map)
2019-08-27 09:54:56 [INFO] [main] o.s.w.s.m.m.a.RequestMappingHandlerMapping - Mapped "{[/wx/deleteWX_SUBSCRIBE],methods=[POST]}" onto public com.tcwy.distribute.result.BaseResult com.chuxi.wx.controller.WX_SUBSCRIBEController.deleteWX_SUBSCRIBE(java.util.Map)
2019-08-27 09:54:56 [INFO] [main] o.s.w.s.m.m.a.RequestMappingHandlerMapping - Mapped "{[/wx/updateWX_SUBSCRIBE],methods=[POST]}" onto public com.tcwy.distribute.result.BaseResult com.chuxi.wx.controller.WX_SUBSCRIBEController.updateWX_SUBSCRIBE(java.util.Map)
2019-08-27 09:54:56 [INFO] [main] o.s.w.s.m.m.a.RequestMappingHandlerMapping - Mapped "{[/wx/selectWX_SUBSCRIBE],methods=[POST]}" onto public com.tcwy.distribute.result.BaseResult<java.util.List<java.util.Map>> com.chuxi.wx.controller.WX_SUBSCRIBEController.selectWX_SUBSCRIBE(java.util.Map)
2019-08-27 09:54:56 [INFO] [main] o.s.w.s.m.m.a.RequestMappingHandlerMapping - Mapped "{[/wx/selectWX_USERCount],methods=[POST]}" onto public com.tcwy.distribute.result.BaseResult<java.lang.Integer> com.chuxi.wx.controller.WX_USERController.selectWX_USERCount(java.util.Map)
2019-08-27 09:54:56 [INFO] [main] o.s.w.s.m.m.a.RequestMappingHandlerMapping - Mapped "{[/wx/insertWX_USER],methods=[POST]}" onto public com.tcwy.distribute.result.BaseResult com.chuxi.wx.controller.WX_USERController.insertWX_USER(java.util.Map)
2019-08-27 09:54:56 [INFO] [main] o.s.w.s.m.m.a.RequestMappingHandlerMapping - Mapped "{[/wx/deleteWX_USER],methods=[POST]}" onto public com.tcwy.distribute.result.BaseResult com.chuxi.wx.controller.WX_USERController.deleteWX_USER(java.util.Map)
2019-08-27 09:54:56 [INFO] [main] o.s.w.s.m.m.a.RequestMappingHandlerMapping - Mapped "{[/wx/updateWX_USER],methods=[POST]}" onto public com.tcwy.distribute.result.BaseResult com.chuxi.wx.controller.WX_USERController.updateWX_USER(java.util.Map)
2019-08-27 09:54:56 [INFO] [main] o.s.w.s.m.m.a.RequestMappingHandlerMapping - Mapped "{[/wx/selectWX_USER],methods=[POST]}" onto public com.tcwy.distribute.result.BaseResult<java.util.List<java.util.Map>> com.chuxi.wx.controller.WX_USERController.selectWX_USER(java.util.Map)
2019-08-27 09:54:56 [INFO] [main] o.s.w.s.m.m.a.RequestMappingHandlerMapping - Mapped "{[/error]}" onto public org.springframework.http.ResponseEntity<java.util.Map<java.lang.String, java.lang.Object>> org.springframework.boot.autoconfigure.web.BasicErrorController.error(javax.servlet.http.HttpServletRequest)
2019-08-27 09:54:56 [INFO] [main] o.s.w.s.m.m.a.RequestMappingHandlerMapping - Mapped "{[/error],produces=[text/html]}" onto public org.springframework.web.servlet.ModelAndView org.springframework.boot.autoconfigure.web.BasicErrorController.errorHtml(javax.servlet.http.HttpServletRequest,javax.servlet.http.HttpServletResponse)
2019-08-27 09:54:56 [INFO] [main] o.s.w.s.h.SimpleUrlHandlerMapping - Mapped URL path [/webjars/**] onto handler of type [class org.springframework.web.servlet.resource.ResourceHttpRequestHandler]
2019-08-27 09:54:56 [INFO] [main] o.s.w.s.h.SimpleUrlHandlerMapping - Mapped URL path [/**] onto handler of type [class org.springframework.web.servlet.resource.ResourceHttpRequestHandler]
2019-08-27 09:54:56 [INFO] [main] o.s.w.s.h.SimpleUrlHandlerMapping - Mapped URL path [/**/favicon.ico] onto handler of type [class org.springframework.web.servlet.resource.ResourceHttpRequestHandler]
2019-08-27 09:54:57 [INFO] [main] o.s.j.e.a.AnnotationMBeanExporter - Registering beans for JMX exposure on startup
2019-08-27 09:54:57 [INFO] [main] o.s.j.e.a.AnnotationMBeanExporter - Bean with name 'log4jFilter' has been autodetected for JMX exposure
2019-08-27 09:54:57 [INFO] [main] o.s.j.e.a.AnnotationMBeanExporter - Bean with name 'statFilter' has been autodetected for JMX exposure
2019-08-27 09:54:57 [INFO] [main] o.s.j.e.a.AnnotationMBeanExporter - Bean with name 'wallFilter' has been autodetected for JMX exposure
2019-08-27 09:54:57 [INFO] [main] o.s.j.e.a.AnnotationMBeanExporter - Bean with name 'wallConfig' has been autodetected for JMX exposure
2019-08-27 09:54:57 [INFO] [main] o.s.j.e.a.AnnotationMBeanExporter - Bean with name 'dataSource' has been autodetected for JMX exposure
2019-08-27 09:54:57 [INFO] [main] o.s.j.e.a.AnnotationMBeanExporter - Located MBean 'log4jFilter': registering with JMX server as MBean [com.alibaba.druid.filter.logging:name=log4jFilter,type=Log4jFilter]
2019-08-27 09:54:57 [INFO] [main] o.s.j.e.a.AnnotationMBeanExporter - Located MBean 'wallConfig': registering with JMX server as MBean [com.alibaba.druid.wall:name=wallConfig,type=WallConfig]
2019-08-27 09:54:57 [INFO] [main] o.s.j.e.a.AnnotationMBeanExporter - Located MBean 'wallFilter': registering with JMX server as MBean [com.alibaba.druid.wall:name=wallFilter,type=WallFilter]
2019-08-27 09:54:57 [INFO] [main] o.s.j.e.a.AnnotationMBeanExporter - Located MBean 'dataSource': registering with JMX server as MBean [com.alibaba.druid.pool:name=dataSource,type=DruidDataSource]
2019-08-27 09:54:57 [INFO] [main] o.s.j.e.a.AnnotationMBeanExporter - Located MBean 'statFilter': registering with JMX server as MBean [com.alibaba.druid.filter.stat:name=statFilter,type=StatFilter]
2019-08-27 09:54:57 [INFO] [main] o.a.coyote.http11.Http11NioProtocol - Starting ProtocolHandler ["http-nio-80"]
2019-08-27 09:54:57 [INFO] [main] o.a.tomcat.util.net.NioSelectorPool - Using a shared selector for servlet write/read
2019-08-27 09:54:57 [INFO] [main] o.s.b.c.e.t.TomcatEmbeddedServletContainer - Tomcat started on port(s): 80 (http)
2019-08-27 09:54:57 [INFO] [main] com.chuxi.StartApp - Started StartApp in 7.301 seconds (JVM running for 17.057)
2019-08-27 09:59:53 [INFO] [http-nio-80-exec-1] o.a.c.c.C.[Tomcat].[localhost].[/] - Initializing Spring FrameworkServlet 'dispatcherServlet'
2019-08-27 09:59:53 [INFO] [http-nio-80-exec-1] o.s.web.servlet.DispatcherServlet - FrameworkServlet 'dispatcherServlet': initialization started
2019-08-27 09:59:53 [INFO] [http-nio-80-exec-1] o.s.web.servlet.DispatcherServlet - FrameworkServlet 'dispatcherServlet': initialization completed in 30 ms
2019-08-27 09:59:57 [INFO] [http-nio-80-exec-5] c.alibaba.druid.pool.DruidDataSource - {dataSource-1} inited
2019-08-27 10:29:53 [INFO] [http-nio-80-exec-1] c.c.wx.controller.AccessController - 
接收微信请求：[signature=[0145368b9ec9cd7b0f281eeaa7851d31d76f8916], encType=[null], msgSignature=[null], timestamp=[1566873006], nonce=[2125151928], requestBody=[
<xml><ToUserName><![CDATA[gh_0ec3ecf3a4ed]]></ToUserName>
<FromUserName><![CDATA[o_uZNwBSDkW7qD6HyHyNUh3P44gA]]></FromUserName>
<CreateTime>1566873006</CreateTime>
<MsgType><![CDATA[event]]></MsgType>
<Event><![CDATA[VIEW]]></Event>
<EventKey><![CDATA[http://2h240448c1.51mypc.cn/oauth/authorize?returnUrl=http://2h240448c1.51mypc.cn/html/user/preInfo.html]]></EventKey>
<MenuId>464440609</MenuId>
</xml>
] 
2019-08-27 10:38:41 [INFO] [http-nio-80-exec-10] c.c.wx.controller.AccessController - 
接收微信请求：[signature=[b6ebcd76cdb387dc9d9f344703158da1d2054245], encType=[null], msgSignature=[null], timestamp=[1566873534], nonce=[695007588], requestBody=[
<xml><ToUserName><![CDATA[gh_0ec3ecf3a4ed]]></ToUserName>
<FromUserName><![CDATA[o_uZNwBSDkW7qD6HyHyNUh3P44gA]]></FromUserName>
<CreateTime>1566873534</CreateTime>
<MsgType><![CDATA[event]]></MsgType>
<Event><![CDATA[VIEW]]></Event>
<EventKey><![CDATA[http://2h240448c1.51mypc.cn/oauth/authorize?returnUrl=http://2h240448c1.51mypc.cn/html/user/preInfo.html]]></EventKey>
<MenuId>464440609</MenuId>
</xml>
] 
2019-08-27 11:26:39 [INFO] [http-nio-80-exec-3] c.c.wx.controller.AccessController - 
接收微信请求：[signature=[e1af062750448d0ed6128c944c866190c6f33e09], encType=[null], msgSignature=[null], timestamp=[1566876411], nonce=[1433021555], requestBody=[
<xml><ToUserName><![CDATA[gh_0ec3ecf3a4ed]]></ToUserName>
<FromUserName><![CDATA[o_uZNwBSDkW7qD6HyHyNUh3P44gA]]></FromUserName>
<CreateTime>1566876411</CreateTime>
<MsgType><![CDATA[event]]></MsgType>
<Event><![CDATA[VIEW]]></Event>
<EventKey><![CDATA[http://2h240448c1.51mypc.cn/oauth/authorize?returnUrl=http://2h240448c1.51mypc.cn/html/user/preInfo.html]]></EventKey>
<MenuId>464440609</MenuId>
</xml>
] 
2019-08-27 15:37:00 [INFO] [http-nio-80-exec-2] c.c.wx.controller.AccessController - 
接收微信请求：[signature=[7810a811e42c76bd5f4ca7d376944b96e9e59b90], encType=[null], msgSignature=[null], timestamp=[1566891431], nonce=[1360742484], requestBody=[
<xml><ToUserName><![CDATA[gh_0ec3ecf3a4ed]]></ToUserName>
<FromUserName><![CDATA[o_uZNwBSDkW7qD6HyHyNUh3P44gA]]></FromUserName>
<CreateTime>1566891431</CreateTime>
<MsgType><![CDATA[event]]></MsgType>
<Event><![CDATA[VIEW]]></Event>
<EventKey><![CDATA[http://2h240448c1.51mypc.cn/oauth/authorize?returnUrl=http://2h240448c1.51mypc.cn/html/user/preInfo.html]]></EventKey>
<MenuId>464440609</MenuId>
</xml>
] 
2019-08-27 16:45:52 [INFO] [http-nio-80-exec-9] c.c.wx.controller.AccessController - 
接收微信请求：[signature=[6ff96a6cb1d57f2ff630b967d273b04a620e3fe8], encType=[null], msgSignature=[null], timestamp=[1566895563], nonce=[754994358], requestBody=[
<xml><ToUserName><![CDATA[gh_0ec3ecf3a4ed]]></ToUserName>
<FromUserName><![CDATA[o_uZNwBSDkW7qD6HyHyNUh3P44gA]]></FromUserName>
<CreateTime>1566895563</CreateTime>
<MsgType><![CDATA[event]]></MsgType>
<Event><![CDATA[VIEW]]></Event>
<EventKey><![CDATA[http://2h240448c1.51mypc.cn/oauth/authorize?returnUrl=http://2h240448c1.51mypc.cn/html/user/preInfo.html]]></EventKey>
<MenuId>464440609</MenuId>
</xml>
] 
