2019-08-05 09:20:32 [INFO] [main] com.youyoubo.wx.StartApp - Starting StartApp on M7NRAZF6X2ZPB25 with PID 7988 (E:\youyoubo_git\wx\target\classes started by Administrator in E:\youyoubo_git\wx)
2019-08-05 09:20:32 [INFO] [main] com.youyoubo.wx.StartApp - The following profiles are active: dev
2019-08-05 09:20:33 [INFO] [background-preinit] o.h.validator.internal.util.Version - HV000001: Hibernate Validator 5.3.6.Final
2019-08-05 09:20:33 [INFO] [main] o.s.b.c.e.AnnotationConfigEmbeddedWebApplicationContext - Refreshing org.springframework.boot.context.embedded.AnnotationConfigEmbeddedWebApplicationContext@49964d75: startup date [Mon Aug 05 09:20:33 CST 2019]; root of context hierarchy
2019-08-05 09:20:34 [INFO] [main] o.s.c.s.PostProcessorRegistrationDelegate$BeanPostProcessorChecker - Bean 'org.springframework.transaction.annotation.ProxyTransactionManagementConfiguration' of type [org.springframework.transaction.annotation.ProxyTransactionManagementConfiguration$$EnhancerBySpringCGLIB$$9561d5cb] is not eligible for getting processed by all BeanPostProcessors (for example: not eligible for auto-proxying)
2019-08-05 09:20:34 [INFO] [main] o.s.c.s.PostProcessorRegistrationDelegate$BeanPostProcessorChecker - Bean 'druidConfiguration' of type [com.youyoubo.wx.config.DruidConfiguration$$EnhancerBySpringCGLIB$$d8f8af57] is not eligible for getting processed by all BeanPostProcessors (for example: not eligible for auto-proxying)
2019-08-05 09:20:34 [INFO] [main] o.s.c.s.PostProcessorRegistrationDelegate$BeanPostProcessorChecker - Bean 'statFilter' of type [com.alibaba.druid.filter.stat.StatFilter] is not eligible for getting processed by all BeanPostProcessors (for example: not eligible for auto-proxying)
2019-08-05 09:20:34 [INFO] [main] o.s.c.s.PostProcessorRegistrationDelegate$BeanPostProcessorChecker - Bean 'wallConfig' of type [com.alibaba.druid.wall.WallConfig] is not eligible for getting processed by all BeanPostProcessors (for example: not eligible for auto-proxying)
2019-08-05 09:20:34 [INFO] [main] o.s.c.s.PostProcessorRegistrationDelegate$BeanPostProcessorChecker - Bean 'wallFilter' of type [com.alibaba.druid.wall.WallFilter] is not eligible for getting processed by all BeanPostProcessors (for example: not eligible for auto-proxying)
2019-08-05 09:20:34 [INFO] [main] o.s.c.s.PostProcessorRegistrationDelegate$BeanPostProcessorChecker - Bean 'log4jFilter' of type [com.alibaba.druid.filter.logging.Log4jFilter] is not eligible for getting processed by all BeanPostProcessors (for example: not eligible for auto-proxying)
2019-08-05 09:20:35 [INFO] [main] o.s.c.s.PostProcessorRegistrationDelegate$BeanPostProcessorChecker - Bean 'dataSource' of type [com.alibaba.druid.pool.DruidDataSource] is not eligible for getting processed by all BeanPostProcessors (for example: not eligible for auto-proxying)
2019-08-05 09:20:35 [INFO] [main] o.s.c.s.PostProcessorRegistrationDelegate$BeanPostProcessorChecker - Bean 'org.springframework.boot.autoconfigure.jdbc.DataSourceAutoConfiguration' of type [org.springframework.boot.autoconfigure.jdbc.DataSourceAutoConfiguration$$EnhancerBySpringCGLIB$$7755792b] is not eligible for getting processed by all BeanPostProcessors (for example: not eligible for auto-proxying)
2019-08-05 09:20:35 [INFO] [main] o.s.c.s.PostProcessorRegistrationDelegate$BeanPostProcessorChecker - Bean 'spring.datasource-org.springframework.boot.autoconfigure.jdbc.DataSourceProperties' of type [org.springframework.boot.autoconfigure.jdbc.DataSourceProperties] is not eligible for getting processed by all BeanPostProcessors (for example: not eligible for auto-proxying)
2019-08-05 09:20:35 [INFO] [main] o.s.c.s.PostProcessorRegistrationDelegate$BeanPostProcessorChecker - Bean 'dataSourceInitializer' of type [org.springframework.boot.autoconfigure.jdbc.DataSourceInitializer] is not eligible for getting processed by all BeanPostProcessors (for example: not eligible for auto-proxying)
2019-08-05 09:20:35 [INFO] [main] o.s.c.s.PostProcessorRegistrationDelegate$BeanPostProcessorChecker - Bean 'transactionManager' of type [org.springframework.jdbc.datasource.DataSourceTransactionManager] is not eligible for getting processed by all BeanPostProcessors (for example: not eligible for auto-proxying)
2019-08-05 09:20:35 [INFO] [main] o.s.c.s.PostProcessorRegistrationDelegate$BeanPostProcessorChecker - Bean 'transactionAdviceConfig' of type [com.youyoubo.wx.config.TransactionAdviceConfig$$EnhancerBySpringCGLIB$$90dddfd5] is not eligible for getting processed by all BeanPostProcessors (for example: not eligible for auto-proxying)
2019-08-05 09:20:35 [INFO] [main] o.s.c.s.PostProcessorRegistrationDelegate$BeanPostProcessorChecker - Bean 'txAdvice' of type [org.springframework.transaction.interceptor.TransactionInterceptor] is not eligible for getting processed by all BeanPostProcessors (for example: not eligible for auto-proxying)
2019-08-05 09:20:35 [INFO] [main] o.s.c.s.PostProcessorRegistrationDelegate$BeanPostProcessorChecker - Bean 'txAdviceAdvisor' of type [org.springframework.aop.support.DefaultPointcutAdvisor] is not eligible for getting processed by all BeanPostProcessors (for example: not eligible for auto-proxying)
2019-08-05 09:20:35 [INFO] [main] o.s.b.c.e.t.TomcatEmbeddedServletContainer - Tomcat initialized with port(s): 80 (http)
2019-08-05 09:20:35 [INFO] [main] o.a.coyote.http11.Http11NioProtocol - Initializing ProtocolHandler ["http-nio-80"]
2019-08-05 09:20:35 [INFO] [main] o.a.catalina.core.StandardService - Starting service [Tomcat]
2019-08-05 09:20:35 [INFO] [main] o.a.catalina.core.StandardEngine - Starting Servlet Engine: Apache Tomcat/8.5.31
2019-08-05 09:20:36 [INFO] [localhost-startStop-1] o.a.c.c.C.[Tomcat].[localhost].[/] - Initializing Spring embedded WebApplicationContext
2019-08-05 09:20:36 [INFO] [localhost-startStop-1] o.s.web.context.ContextLoader - Root WebApplicationContext: initialization completed in 2647 ms
2019-08-05 09:20:36 [INFO] [localhost-startStop-1] o.s.b.w.s.ServletRegistrationBean - Mapping servlet: 'statViewServlet' to [/druid/*]
2019-08-05 09:20:36 [INFO] [localhost-startStop-1] o.s.b.w.s.ServletRegistrationBean - Mapping servlet: 'dispatcherServlet' to [/]
2019-08-05 09:20:36 [INFO] [localhost-startStop-1] o.s.b.w.s.FilterRegistrationBean - Mapping filter: 'characterEncodingFilter' to: [/*]
2019-08-05 09:20:36 [INFO] [localhost-startStop-1] o.s.b.w.s.FilterRegistrationBean - Mapping filter: 'hiddenHttpMethodFilter' to: [/*]
2019-08-05 09:20:36 [INFO] [localhost-startStop-1] o.s.b.w.s.FilterRegistrationBean - Mapping filter: 'httpPutFormContentFilter' to: [/*]
2019-08-05 09:20:36 [INFO] [localhost-startStop-1] o.s.b.w.s.FilterRegistrationBean - Mapping filter: 'requestContextFilter' to: [/*]
2019-08-05 09:20:36 [INFO] [localhost-startStop-1] o.s.b.w.s.FilterRegistrationBean - Mapping filter: 'webStatFilter' to urls: [/*]
2019-08-05 09:20:37 [INFO] [main] o.s.s.c.ThreadPoolTaskExecutor - Initializing ExecutorService 
2019-08-05 09:20:37 [INFO] [main] o.s.s.c.ThreadPoolTaskExecutor - Initializing ExecutorService  'taskExecutor'
2019-08-05 09:20:37 [INFO] [main] o.s.w.s.m.m.a.RequestMappingHandlerAdapter - Looking for @ControllerAdvice: org.springframework.boot.context.embedded.AnnotationConfigEmbeddedWebApplicationContext@49964d75: startup date [Mon Aug 05 09:20:33 CST 2019]; root of context hierarchy
2019-08-05 09:20:37 [INFO] [main] o.s.w.s.m.m.a.RequestMappingHandlerMapping - Mapped "{[/access],methods=[GET]}" onto public java.lang.String com.youyoubo.wx.access.action.AccessAction.doGet(java.lang.String,java.lang.String,java.lang.String,java.lang.String)
2019-08-05 09:20:37 [INFO] [main] o.s.w.s.m.m.a.RequestMappingHandlerMapping - Mapped "{[/access],methods=[POST]}" onto public java.lang.String com.youyoubo.wx.access.action.AccessAction.doPost(javax.servlet.http.HttpServletRequest)
2019-08-05 09:20:37 [INFO] [main] o.s.w.s.m.m.a.RequestMappingHandlerMapping - Mapped "{[/message/selectWX_MESSAGE_LISTCount],methods=[POST]}" onto public com.tcwy.distribute.result.BaseResult<java.lang.Integer> com.youyoubo.wx.message.controller.WX_MESSAGE_LISTController.selectWX_MESSAGE_LISTCount(java.util.Map)
2019-08-05 09:20:37 [INFO] [main] o.s.w.s.m.m.a.RequestMappingHandlerMapping - Mapped "{[/message/insertWX_MESSAGE_LIST],methods=[POST]}" onto public com.tcwy.distribute.result.BaseResult com.youyoubo.wx.message.controller.WX_MESSAGE_LISTController.insertWX_MESSAGE_LIST(java.util.Map)
2019-08-05 09:20:37 [INFO] [main] o.s.w.s.m.m.a.RequestMappingHandlerMapping - Mapped "{[/message/deleteWX_MESSAGE_LIST],methods=[POST]}" onto public com.tcwy.distribute.result.BaseResult com.youyoubo.wx.message.controller.WX_MESSAGE_LISTController.deleteWX_MESSAGE_LIST(java.util.Map)
2019-08-05 09:20:37 [INFO] [main] o.s.w.s.m.m.a.RequestMappingHandlerMapping - Mapped "{[/message/updateWX_MESSAGE_LIST],methods=[POST]}" onto public com.tcwy.distribute.result.BaseResult com.youyoubo.wx.message.controller.WX_MESSAGE_LISTController.updateWX_MESSAGE_LIST(java.util.Map)
2019-08-05 09:20:37 [INFO] [main] o.s.w.s.m.m.a.RequestMappingHandlerMapping - Mapped "{[/message/selectWX_MESSAGE_LIST],methods=[POST]}" onto public com.tcwy.distribute.result.BaseResult<java.util.List<java.util.Map>> com.youyoubo.wx.message.controller.WX_MESSAGE_LISTController.selectWX_MESSAGE_LIST(java.util.Map)
2019-08-05 09:20:37 [INFO] [main] o.s.w.s.m.m.a.RequestMappingHandlerMapping - Mapped "{[/test/select]}" onto public com.tcwy.distribute.result.BaseResult com.youyoubo.wx.test.controller.TestController.select(java.util.Map)
2019-08-05 09:20:37 [INFO] [main] o.s.w.s.m.m.a.RequestMappingHandlerMapping - Mapped "{[/test/selectA]}" onto public com.tcwy.distribute.result.BaseResult com.youyoubo.wx.test.controller.TestController.selectA()
2019-08-05 09:20:37 [INFO] [main] o.s.w.s.m.m.a.RequestMappingHandlerMapping - Mapped "{[/user/insertWX_USER_INFO],methods=[POST]}" onto public com.tcwy.distribute.result.BaseResult com.youyoubo.wx.user.controller.WX_USER_INFOController.insertWX_USER_INFO(java.util.Map)
2019-08-05 09:20:37 [INFO] [main] o.s.w.s.m.m.a.RequestMappingHandlerMapping - Mapped "{[/user/deleteWX_USER_INFO],methods=[POST]}" onto public com.tcwy.distribute.result.BaseResult com.youyoubo.wx.user.controller.WX_USER_INFOController.deleteWX_USER_INFO(java.util.Map)
2019-08-05 09:20:37 [INFO] [main] o.s.w.s.m.m.a.RequestMappingHandlerMapping - Mapped "{[/user/updateWX_USER_INFO],methods=[POST]}" onto public com.tcwy.distribute.result.BaseResult com.youyoubo.wx.user.controller.WX_USER_INFOController.updateWX_USER_INFO(java.util.Map)
2019-08-05 09:20:37 [INFO] [main] o.s.w.s.m.m.a.RequestMappingHandlerMapping - Mapped "{[/user/selectWX_USER_INFO],methods=[POST]}" onto public com.tcwy.distribute.result.BaseResult<java.util.List<java.util.Map>> com.youyoubo.wx.user.controller.WX_USER_INFOController.selectWX_USER_INFO(java.util.Map)
2019-08-05 09:20:37 [INFO] [main] o.s.w.s.m.m.a.RequestMappingHandlerMapping - Mapped "{[/user/selectWX_USER_INFOCount],methods=[POST]}" onto public com.tcwy.distribute.result.BaseResult<java.lang.Integer> com.youyoubo.wx.user.controller.WX_USER_INFOController.selectWX_USER_INFOCount(java.util.Map)
2019-08-05 09:20:37 [INFO] [main] o.s.w.s.m.m.a.RequestMappingHandlerMapping - Mapped "{[/error]}" onto public org.springframework.http.ResponseEntity<java.util.Map<java.lang.String, java.lang.Object>> org.springframework.boot.autoconfigure.web.BasicErrorController.error(javax.servlet.http.HttpServletRequest)
2019-08-05 09:20:37 [INFO] [main] o.s.w.s.m.m.a.RequestMappingHandlerMapping - Mapped "{[/error],produces=[text/html]}" onto public org.springframework.web.servlet.ModelAndView org.springframework.boot.autoconfigure.web.BasicErrorController.errorHtml(javax.servlet.http.HttpServletRequest,javax.servlet.http.HttpServletResponse)
2019-08-05 09:20:37 [INFO] [main] o.s.w.s.h.SimpleUrlHandlerMapping - Mapped URL path [/webjars/**] onto handler of type [class org.springframework.web.servlet.resource.ResourceHttpRequestHandler]
2019-08-05 09:20:37 [INFO] [main] o.s.w.s.h.SimpleUrlHandlerMapping - Mapped URL path [/**] onto handler of type [class org.springframework.web.servlet.resource.ResourceHttpRequestHandler]
2019-08-05 09:20:37 [INFO] [main] o.s.w.s.h.SimpleUrlHandlerMapping - Mapped URL path [/**/favicon.ico] onto handler of type [class org.springframework.web.servlet.resource.ResourceHttpRequestHandler]
2019-08-05 09:20:39 [INFO] [main] o.s.j.e.a.AnnotationMBeanExporter - Registering beans for JMX exposure on startup
2019-08-05 09:20:39 [INFO] [main] o.s.j.e.a.AnnotationMBeanExporter - Bean with name 'log4jFilter' has been autodetected for JMX exposure
2019-08-05 09:20:39 [INFO] [main] o.s.j.e.a.AnnotationMBeanExporter - Bean with name 'statFilter' has been autodetected for JMX exposure
2019-08-05 09:20:39 [INFO] [main] o.s.j.e.a.AnnotationMBeanExporter - Bean with name 'wallFilter' has been autodetected for JMX exposure
2019-08-05 09:20:39 [INFO] [main] o.s.j.e.a.AnnotationMBeanExporter - Bean with name 'wallConfig' has been autodetected for JMX exposure
2019-08-05 09:20:39 [INFO] [main] o.s.j.e.a.AnnotationMBeanExporter - Bean with name 'dataSource' has been autodetected for JMX exposure
2019-08-05 09:20:39 [INFO] [main] o.s.j.e.a.AnnotationMBeanExporter - Located MBean 'log4jFilter': registering with JMX server as MBean [com.alibaba.druid.filter.logging:name=log4jFilter,type=Log4jFilter]
2019-08-05 09:20:39 [INFO] [main] o.s.j.e.a.AnnotationMBeanExporter - Located MBean 'wallConfig': registering with JMX server as MBean [com.alibaba.druid.wall:name=wallConfig,type=WallConfig]
2019-08-05 09:20:39 [INFO] [main] o.s.j.e.a.AnnotationMBeanExporter - Located MBean 'wallFilter': registering with JMX server as MBean [com.alibaba.druid.wall:name=wallFilter,type=WallFilter]
2019-08-05 09:20:39 [INFO] [main] o.s.j.e.a.AnnotationMBeanExporter - Located MBean 'dataSource': registering with JMX server as MBean [com.alibaba.druid.pool:name=dataSource,type=DruidDataSource]
2019-08-05 09:20:39 [INFO] [main] o.s.j.e.a.AnnotationMBeanExporter - Located MBean 'statFilter': registering with JMX server as MBean [com.alibaba.druid.filter.stat:name=statFilter,type=StatFilter]
2019-08-05 09:20:39 [INFO] [main] o.a.coyote.http11.Http11NioProtocol - Starting ProtocolHandler ["http-nio-80"]
2019-08-05 09:20:39 [INFO] [main] o.a.tomcat.util.net.NioSelectorPool - Using a shared selector for servlet write/read
2019-08-05 09:20:39 [INFO] [main] o.s.b.c.e.t.TomcatEmbeddedServletContainer - Tomcat started on port(s): 80 (http)
2019-08-05 09:20:39 [INFO] [main] com.youyoubo.wx.StartApp - Started StartApp in 6.724 seconds (JVM running for 7.633)
2019-08-05 09:21:13 [INFO] [http-nio-80-exec-1] o.a.c.c.C.[Tomcat].[localhost].[/] - Initializing Spring FrameworkServlet 'dispatcherServlet'
2019-08-05 09:21:13 [INFO] [http-nio-80-exec-1] o.s.web.servlet.DispatcherServlet - FrameworkServlet 'dispatcherServlet': initialization started
2019-08-05 09:21:13 [INFO] [http-nio-80-exec-1] o.s.web.servlet.DispatcherServlet - FrameworkServlet 'dispatcherServlet': initialization completed in 38 ms
2019-08-05 09:21:14 [INFO] [http-nio-80-exec-1] c.y.w.a.s.impl.MessageServiceImpl - {"CreateTime":"1564968081","Event":"CLICK","EventKey":"menu1","FromUserName":"o_uZNwBSDkW7qD6HyHyNUh3P44gA","MsgType":"event","ToUserName":"gh_0ec3ecf3a4ed"}
2019-08-05 09:21:15 [INFO] [Thread-4] c.alibaba.druid.pool.DruidDataSource - {dataSource-1} inited
2019-08-05 09:35:51 [INFO] [main] com.youyoubo.wx.StartApp - Starting StartApp on M7NRAZF6X2ZPB25 with PID 5672 (E:\youyoubo_git\wx\target\classes started by Administrator in E:\youyoubo_git\wx)
2019-08-05 09:35:51 [INFO] [main] com.youyoubo.wx.StartApp - The following profiles are active: dev
2019-08-05 09:35:51 [INFO] [background-preinit] o.h.validator.internal.util.Version - HV000001: Hibernate Validator 5.3.6.Final
2019-08-05 09:35:52 [INFO] [main] o.s.b.c.e.AnnotationConfigEmbeddedWebApplicationContext - Refreshing org.springframework.boot.context.embedded.AnnotationConfigEmbeddedWebApplicationContext@49964d75: startup date [Mon Aug 05 09:35:52 CST 2019]; root of context hierarchy
2019-08-05 09:35:53 [INFO] [main] o.s.c.s.PostProcessorRegistrationDelegate$BeanPostProcessorChecker - Bean 'org.springframework.transaction.annotation.ProxyTransactionManagementConfiguration' of type [org.springframework.transaction.annotation.ProxyTransactionManagementConfiguration$$EnhancerBySpringCGLIB$$23db04f7] is not eligible for getting processed by all BeanPostProcessors (for example: not eligible for auto-proxying)
2019-08-05 09:35:53 [INFO] [main] o.s.c.s.PostProcessorRegistrationDelegate$BeanPostProcessorChecker - Bean 'druidConfiguration' of type [com.youyoubo.wx.config.DruidConfiguration$$EnhancerBySpringCGLIB$$6771de83] is not eligible for getting processed by all BeanPostProcessors (for example: not eligible for auto-proxying)
2019-08-05 09:35:53 [INFO] [main] o.s.c.s.PostProcessorRegistrationDelegate$BeanPostProcessorChecker - Bean 'statFilter' of type [com.alibaba.druid.filter.stat.StatFilter] is not eligible for getting processed by all BeanPostProcessors (for example: not eligible for auto-proxying)
2019-08-05 09:35:53 [INFO] [main] o.s.c.s.PostProcessorRegistrationDelegate$BeanPostProcessorChecker - Bean 'wallConfig' of type [com.alibaba.druid.wall.WallConfig] is not eligible for getting processed by all BeanPostProcessors (for example: not eligible for auto-proxying)
2019-08-05 09:35:53 [INFO] [main] o.s.c.s.PostProcessorRegistrationDelegate$BeanPostProcessorChecker - Bean 'wallFilter' of type [com.alibaba.druid.wall.WallFilter] is not eligible for getting processed by all BeanPostProcessors (for example: not eligible for auto-proxying)
2019-08-05 09:35:53 [INFO] [main] o.s.c.s.PostProcessorRegistrationDelegate$BeanPostProcessorChecker - Bean 'log4jFilter' of type [com.alibaba.druid.filter.logging.Log4jFilter] is not eligible for getting processed by all BeanPostProcessors (for example: not eligible for auto-proxying)
2019-08-05 09:35:53 [INFO] [main] o.s.c.s.PostProcessorRegistrationDelegate$BeanPostProcessorChecker - Bean 'dataSource' of type [com.alibaba.druid.pool.DruidDataSource] is not eligible for getting processed by all BeanPostProcessors (for example: not eligible for auto-proxying)
2019-08-05 09:35:53 [INFO] [main] o.s.c.s.PostProcessorRegistrationDelegate$BeanPostProcessorChecker - Bean 'org.springframework.boot.autoconfigure.jdbc.DataSourceAutoConfiguration' of type [org.springframework.boot.autoconfigure.jdbc.DataSourceAutoConfiguration$$EnhancerBySpringCGLIB$$5cea857] is not eligible for getting processed by all BeanPostProcessors (for example: not eligible for auto-proxying)
2019-08-05 09:35:53 [INFO] [main] o.s.c.s.PostProcessorRegistrationDelegate$BeanPostProcessorChecker - Bean 'spring.datasource-org.springframework.boot.autoconfigure.jdbc.DataSourceProperties' of type [org.springframework.boot.autoconfigure.jdbc.DataSourceProperties] is not eligible for getting processed by all BeanPostProcessors (for example: not eligible for auto-proxying)
2019-08-05 09:35:53 [INFO] [main] o.s.c.s.PostProcessorRegistrationDelegate$BeanPostProcessorChecker - Bean 'dataSourceInitializer' of type [org.springframework.boot.autoconfigure.jdbc.DataSourceInitializer] is not eligible for getting processed by all BeanPostProcessors (for example: not eligible for auto-proxying)
2019-08-05 09:35:53 [INFO] [main] o.s.c.s.PostProcessorRegistrationDelegate$BeanPostProcessorChecker - Bean 'transactionManager' of type [org.springframework.jdbc.datasource.DataSourceTransactionManager] is not eligible for getting processed by all BeanPostProcessors (for example: not eligible for auto-proxying)
2019-08-05 09:35:53 [INFO] [main] o.s.c.s.PostProcessorRegistrationDelegate$BeanPostProcessorChecker - Bean 'transactionAdviceConfig' of type [com.youyoubo.wx.config.TransactionAdviceConfig$$EnhancerBySpringCGLIB$$1f570f01] is not eligible for getting processed by all BeanPostProcessors (for example: not eligible for auto-proxying)
2019-08-05 09:35:53 [INFO] [main] o.s.c.s.PostProcessorRegistrationDelegate$BeanPostProcessorChecker - Bean 'txAdvice' of type [org.springframework.transaction.interceptor.TransactionInterceptor] is not eligible for getting processed by all BeanPostProcessors (for example: not eligible for auto-proxying)
2019-08-05 09:35:53 [INFO] [main] o.s.c.s.PostProcessorRegistrationDelegate$BeanPostProcessorChecker - Bean 'txAdviceAdvisor' of type [org.springframework.aop.support.DefaultPointcutAdvisor] is not eligible for getting processed by all BeanPostProcessors (for example: not eligible for auto-proxying)
2019-08-05 09:35:54 [INFO] [main] o.s.b.c.e.t.TomcatEmbeddedServletContainer - Tomcat initialized with port(s): 80 (http)
2019-08-05 09:35:54 [INFO] [main] o.a.coyote.http11.Http11NioProtocol - Initializing ProtocolHandler ["http-nio-80"]
2019-08-05 09:35:54 [INFO] [main] o.a.catalina.core.StandardService - Starting service [Tomcat]
2019-08-05 09:35:54 [INFO] [main] o.a.catalina.core.StandardEngine - Starting Servlet Engine: Apache Tomcat/8.5.31
2019-08-05 09:35:54 [INFO] [localhost-startStop-1] o.a.c.c.C.[Tomcat].[localhost].[/] - Initializing Spring embedded WebApplicationContext
2019-08-05 09:35:54 [INFO] [localhost-startStop-1] o.s.web.context.ContextLoader - Root WebApplicationContext: initialization completed in 2387 ms
2019-08-05 09:35:54 [INFO] [localhost-startStop-1] o.s.b.w.s.ServletRegistrationBean - Mapping servlet: 'statViewServlet' to [/druid/*]
2019-08-05 09:35:54 [INFO] [localhost-startStop-1] o.s.b.w.s.ServletRegistrationBean - Mapping servlet: 'dispatcherServlet' to [/]
2019-08-05 09:35:54 [INFO] [localhost-startStop-1] o.s.b.w.s.FilterRegistrationBean - Mapping filter: 'characterEncodingFilter' to: [/*]
2019-08-05 09:35:54 [INFO] [localhost-startStop-1] o.s.b.w.s.FilterRegistrationBean - Mapping filter: 'hiddenHttpMethodFilter' to: [/*]
2019-08-05 09:35:54 [INFO] [localhost-startStop-1] o.s.b.w.s.FilterRegistrationBean - Mapping filter: 'httpPutFormContentFilter' to: [/*]
2019-08-05 09:35:54 [INFO] [localhost-startStop-1] o.s.b.w.s.FilterRegistrationBean - Mapping filter: 'requestContextFilter' to: [/*]
2019-08-05 09:35:54 [INFO] [localhost-startStop-1] o.s.b.w.s.FilterRegistrationBean - Mapping filter: 'webStatFilter' to urls: [/*]
2019-08-05 09:35:55 [INFO] [main] o.s.s.c.ThreadPoolTaskExecutor - Initializing ExecutorService 
2019-08-05 09:35:55 [INFO] [main] o.s.s.c.ThreadPoolTaskExecutor - Initializing ExecutorService  'taskExecutor'
2019-08-05 09:35:55 [INFO] [main] o.s.w.s.m.m.a.RequestMappingHandlerAdapter - Looking for @ControllerAdvice: org.springframework.boot.context.embedded.AnnotationConfigEmbeddedWebApplicationContext@49964d75: startup date [Mon Aug 05 09:35:52 CST 2019]; root of context hierarchy
2019-08-05 09:35:55 [INFO] [main] o.s.w.s.m.m.a.RequestMappingHandlerMapping - Mapped "{[/access],methods=[GET]}" onto public java.lang.String com.youyoubo.wx.access.action.AccessAction.doGet(java.lang.String,java.lang.String,java.lang.String,java.lang.String)
2019-08-05 09:35:55 [INFO] [main] o.s.w.s.m.m.a.RequestMappingHandlerMapping - Mapped "{[/access],methods=[POST]}" onto public java.lang.String com.youyoubo.wx.access.action.AccessAction.doPost(javax.servlet.http.HttpServletRequest)
2019-08-05 09:35:55 [INFO] [main] o.s.w.s.m.m.a.RequestMappingHandlerMapping - Mapped "{[/message/insertWX_MESSAGE_LIST],methods=[POST]}" onto public com.tcwy.distribute.result.BaseResult com.youyoubo.wx.message.controller.WX_MESSAGE_LISTController.insertWX_MESSAGE_LIST(java.util.Map)
2019-08-05 09:35:55 [INFO] [main] o.s.w.s.m.m.a.RequestMappingHandlerMapping - Mapped "{[/message/deleteWX_MESSAGE_LIST],methods=[POST]}" onto public com.tcwy.distribute.result.BaseResult com.youyoubo.wx.message.controller.WX_MESSAGE_LISTController.deleteWX_MESSAGE_LIST(java.util.Map)
2019-08-05 09:35:55 [INFO] [main] o.s.w.s.m.m.a.RequestMappingHandlerMapping - Mapped "{[/message/updateWX_MESSAGE_LIST],methods=[POST]}" onto public com.tcwy.distribute.result.BaseResult com.youyoubo.wx.message.controller.WX_MESSAGE_LISTController.updateWX_MESSAGE_LIST(java.util.Map)
2019-08-05 09:35:55 [INFO] [main] o.s.w.s.m.m.a.RequestMappingHandlerMapping - Mapped "{[/message/selectWX_MESSAGE_LIST],methods=[POST]}" onto public com.tcwy.distribute.result.BaseResult<java.util.List<java.util.Map>> com.youyoubo.wx.message.controller.WX_MESSAGE_LISTController.selectWX_MESSAGE_LIST(java.util.Map)
2019-08-05 09:35:55 [INFO] [main] o.s.w.s.m.m.a.RequestMappingHandlerMapping - Mapped "{[/message/selectWX_MESSAGE_LISTCount],methods=[POST]}" onto public com.tcwy.distribute.result.BaseResult<java.lang.Integer> com.youyoubo.wx.message.controller.WX_MESSAGE_LISTController.selectWX_MESSAGE_LISTCount(java.util.Map)
2019-08-05 09:35:55 [INFO] [main] o.s.w.s.m.m.a.RequestMappingHandlerMapping - Mapped "{[/test/select]}" onto public com.tcwy.distribute.result.BaseResult com.youyoubo.wx.test.controller.TestController.select(java.util.Map)
2019-08-05 09:35:55 [INFO] [main] o.s.w.s.m.m.a.RequestMappingHandlerMapping - Mapped "{[/test/selectA]}" onto public com.tcwy.distribute.result.BaseResult com.youyoubo.wx.test.controller.TestController.selectA()
2019-08-05 09:35:55 [INFO] [main] o.s.w.s.m.m.a.RequestMappingHandlerMapping - Mapped "{[/user/insertWX_USER_INFO],methods=[POST]}" onto public com.tcwy.distribute.result.BaseResult com.youyoubo.wx.user.controller.WX_USER_INFOController.insertWX_USER_INFO(java.util.Map)
2019-08-05 09:35:55 [INFO] [main] o.s.w.s.m.m.a.RequestMappingHandlerMapping - Mapped "{[/user/deleteWX_USER_INFO],methods=[POST]}" onto public com.tcwy.distribute.result.BaseResult com.youyoubo.wx.user.controller.WX_USER_INFOController.deleteWX_USER_INFO(java.util.Map)
2019-08-05 09:35:55 [INFO] [main] o.s.w.s.m.m.a.RequestMappingHandlerMapping - Mapped "{[/user/updateWX_USER_INFO],methods=[POST]}" onto public com.tcwy.distribute.result.BaseResult com.youyoubo.wx.user.controller.WX_USER_INFOController.updateWX_USER_INFO(java.util.Map)
2019-08-05 09:35:55 [INFO] [main] o.s.w.s.m.m.a.RequestMappingHandlerMapping - Mapped "{[/user/selectWX_USER_INFO],methods=[POST]}" onto public com.tcwy.distribute.result.BaseResult<java.util.List<java.util.Map>> com.youyoubo.wx.user.controller.WX_USER_INFOController.selectWX_USER_INFO(java.util.Map)
2019-08-05 09:35:55 [INFO] [main] o.s.w.s.m.m.a.RequestMappingHandlerMapping - Mapped "{[/user/selectWX_USER_INFOCount],methods=[POST]}" onto public com.tcwy.distribute.result.BaseResult<java.lang.Integer> com.youyoubo.wx.user.controller.WX_USER_INFOController.selectWX_USER_INFOCount(java.util.Map)
2019-08-05 09:35:55 [INFO] [main] o.s.w.s.m.m.a.RequestMappingHandlerMapping - Mapped "{[/error]}" onto public org.springframework.http.ResponseEntity<java.util.Map<java.lang.String, java.lang.Object>> org.springframework.boot.autoconfigure.web.BasicErrorController.error(javax.servlet.http.HttpServletRequest)
2019-08-05 09:35:55 [INFO] [main] o.s.w.s.m.m.a.RequestMappingHandlerMapping - Mapped "{[/error],produces=[text/html]}" onto public org.springframework.web.servlet.ModelAndView org.springframework.boot.autoconfigure.web.BasicErrorController.errorHtml(javax.servlet.http.HttpServletRequest,javax.servlet.http.HttpServletResponse)
2019-08-05 09:35:55 [INFO] [main] o.s.w.s.h.SimpleUrlHandlerMapping - Mapped URL path [/webjars/**] onto handler of type [class org.springframework.web.servlet.resource.ResourceHttpRequestHandler]
2019-08-05 09:35:55 [INFO] [main] o.s.w.s.h.SimpleUrlHandlerMapping - Mapped URL path [/**] onto handler of type [class org.springframework.web.servlet.resource.ResourceHttpRequestHandler]
2019-08-05 09:35:55 [INFO] [main] o.s.w.s.h.SimpleUrlHandlerMapping - Mapped URL path [/**/favicon.ico] onto handler of type [class org.springframework.web.servlet.resource.ResourceHttpRequestHandler]
2019-08-05 09:35:56 [INFO] [main] o.s.j.e.a.AnnotationMBeanExporter - Registering beans for JMX exposure on startup
2019-08-05 09:35:56 [INFO] [main] o.s.j.e.a.AnnotationMBeanExporter - Bean with name 'log4jFilter' has been autodetected for JMX exposure
2019-08-05 09:35:56 [INFO] [main] o.s.j.e.a.AnnotationMBeanExporter - Bean with name 'statFilter' has been autodetected for JMX exposure
2019-08-05 09:35:56 [INFO] [main] o.s.j.e.a.AnnotationMBeanExporter - Bean with name 'wallFilter' has been autodetected for JMX exposure
2019-08-05 09:35:56 [INFO] [main] o.s.j.e.a.AnnotationMBeanExporter - Bean with name 'wallConfig' has been autodetected for JMX exposure
2019-08-05 09:35:56 [INFO] [main] o.s.j.e.a.AnnotationMBeanExporter - Bean with name 'dataSource' has been autodetected for JMX exposure
2019-08-05 09:35:56 [INFO] [main] o.s.j.e.a.AnnotationMBeanExporter - Located MBean 'log4jFilter': registering with JMX server as MBean [com.alibaba.druid.filter.logging:name=log4jFilter,type=Log4jFilter]
2019-08-05 09:35:56 [INFO] [main] o.s.j.e.a.AnnotationMBeanExporter - Located MBean 'wallConfig': registering with JMX server as MBean [com.alibaba.druid.wall:name=wallConfig,type=WallConfig]
2019-08-05 09:35:56 [INFO] [main] o.s.j.e.a.AnnotationMBeanExporter - Located MBean 'wallFilter': registering with JMX server as MBean [com.alibaba.druid.wall:name=wallFilter,type=WallFilter]
2019-08-05 09:35:56 [INFO] [main] o.s.j.e.a.AnnotationMBeanExporter - Located MBean 'dataSource': registering with JMX server as MBean [com.alibaba.druid.pool:name=dataSource,type=DruidDataSource]
2019-08-05 09:35:56 [INFO] [main] o.s.j.e.a.AnnotationMBeanExporter - Located MBean 'statFilter': registering with JMX server as MBean [com.alibaba.druid.filter.stat:name=statFilter,type=StatFilter]
2019-08-05 09:35:56 [INFO] [main] o.a.coyote.http11.Http11NioProtocol - Starting ProtocolHandler ["http-nio-80"]
2019-08-05 09:35:56 [INFO] [main] o.a.tomcat.util.net.NioSelectorPool - Using a shared selector for servlet write/read
2019-08-05 09:35:56 [INFO] [main] o.s.b.c.e.t.TomcatEmbeddedServletContainer - Tomcat started on port(s): 80 (http)
2019-08-05 09:35:56 [INFO] [main] com.youyoubo.wx.StartApp - Started StartApp in 5.507 seconds (JVM running for 6.26)
2019-08-05 09:36:00 [INFO] [http-nio-80-exec-1] o.a.c.c.C.[Tomcat].[localhost].[/] - Initializing Spring FrameworkServlet 'dispatcherServlet'
2019-08-05 09:36:00 [INFO] [http-nio-80-exec-1] o.s.web.servlet.DispatcherServlet - FrameworkServlet 'dispatcherServlet': initialization started
2019-08-05 09:36:00 [INFO] [http-nio-80-exec-1] o.s.web.servlet.DispatcherServlet - FrameworkServlet 'dispatcherServlet': initialization completed in 37 ms
2019-08-05 09:36:29 [INFO] [http-nio-80-exec-4] c.y.w.a.s.impl.MessageServiceImpl - {"CreateTime":"1564968996","Event":"CLICK","EventKey":"menu1","FromUserName":"o_uZNwBSDkW7qD6HyHyNUh3P44gA","MsgType":"event","ToUserName":"gh_0ec3ecf3a4ed"}
2019-08-05 09:36:29 [INFO] [Thread-4] c.alibaba.druid.pool.DruidDataSource - {dataSource-1} inited
2019-08-05 09:36:30 [INFO] [http-nio-80-exec-3] c.y.w.a.s.impl.MessageServiceImpl - {"CreateTime":"1564968997","Event":"CLICK","EventKey":"menu1","FromUserName":"o_uZNwBSDkW7qD6HyHyNUh3P44gA","MsgType":"event","ToUserName":"gh_0ec3ecf3a4ed"}
2019-08-05 09:37:19 [INFO] [http-nio-80-exec-10] c.y.w.a.s.impl.MessageServiceImpl - {"CreateTime":"1564969047","Event":"CLICK","EventKey":"menu1","FromUserName":"o_uZNwBSDkW7qD6HyHyNUh3P44gA","MsgType":"event","ToUserName":"gh_0ec3ecf3a4ed"}
2019-08-05 09:37:36 [INFO] [http-nio-80-exec-5] c.y.w.a.s.impl.MessageServiceImpl - {"CreateTime":"1564969063","Event":"CLICK","EventKey":"menu1","FromUserName":"o_uZNwBSDkW7qD6HyHyNUh3P44gA","MsgType":"event","ToUserName":"gh_0ec3ecf3a4ed"}
2019-08-05 09:38:08 [INFO] [http-nio-80-exec-6] c.y.w.a.s.impl.MessageServiceImpl - {"CreateTime":"1564969096","Event":"CLICK","EventKey":"menu1","FromUserName":"o_uZNwBSDkW7qD6HyHyNUh3P44gA","MsgType":"event","ToUserName":"gh_0ec3ecf3a4ed"}
2019-08-05 09:47:05 [INFO] [http-nio-80-exec-10] c.y.w.a.s.impl.MessageServiceImpl - {"CreateTime":"1564969633","Event":"CLICK","EventKey":"menu1","FromUserName":"o_uZNwBSDkW7qD6HyHyNUh3P44gA","MsgType":"event","ToUserName":"gh_0ec3ecf3a4ed"}
2019-08-05 09:47:33 [INFO] [http-nio-80-exec-1] c.y.w.a.s.impl.MessageServiceImpl - {"CreateTime":"1564969660","Event":"CLICK","EventKey":"menu1","FromUserName":"o_uZNwBSDkW7qD6HyHyNUh3P44gA","MsgType":"event","ToUserName":"gh_0ec3ecf3a4ed"}
2019-08-05 09:47:54 [INFO] [http-nio-80-exec-6] c.y.w.a.s.impl.MessageServiceImpl - {"CreateTime":"1564969681","Event":"CLICK","EventKey":"menu1","FromUserName":"o_uZNwBSDkW7qD6HyHyNUh3P44gA","MsgType":"event","ToUserName":"gh_0ec3ecf3a4ed"}
2019-08-05 09:52:25 [INFO] [http-nio-80-exec-6] c.y.w.a.s.impl.MessageServiceImpl - {"CreateTime":"1564969952","Event":"CLICK","EventKey":"menu2","FromUserName":"o_uZNwBSDkW7qD6HyHyNUh3P44gA","MsgType":"event","ToUserName":"gh_0ec3ecf3a4ed"}
2019-08-05 09:52:29 [INFO] [http-nio-80-exec-8] c.y.w.a.s.impl.MessageServiceImpl - {"CreateTime":"1564969956","Event":"CLICK","EventKey":"menu3","FromUserName":"o_uZNwBSDkW7qD6HyHyNUh3P44gA","MsgType":"event","ToUserName":"gh_0ec3ecf3a4ed"}
2019-08-05 10:06:10 [INFO] [http-nio-80-exec-1] c.y.w.a.s.impl.MessageServiceImpl - {"CreateTime":"1564970777","Event":"subscribe","EventKey":"","FromUserName":"o_uZNwBSDkW7qD6HyHyNUh3P44gA","MsgType":"event","ToUserName":"gh_0ec3ecf3a4ed"}
2019-08-05 10:06:37 [INFO] [http-nio-80-exec-5] c.y.w.a.s.impl.MessageServiceImpl - {"CreateTime":"1564970804","Event":"subscribe","EventKey":"","FromUserName":"o_uZNwEZvsYvnuPWWx0p9UfRg4hA","MsgType":"event","ToUserName":"gh_0ec3ecf3a4ed"}
2019-08-05 10:10:23 [INFO] [http-nio-80-exec-6] c.y.w.a.s.impl.MessageServiceImpl - {"CreateTime":"1564971030","Event":"CLICK","EventKey":"menu1","FromUserName":"o_uZNwBSDkW7qD6HyHyNUh3P44gA","MsgType":"event","ToUserName":"gh_0ec3ecf3a4ed"}
2019-08-05 10:10:32 [INFO] [http-nio-80-exec-8] c.y.w.a.s.impl.MessageServiceImpl - {"Content":"  应该还好","CreateTime":"1564971039","FromUserName":"o_uZNwBSDkW7qD6HyHyNUh3P44gA","MsgId":"22404998035369728","MsgType":"text","ToUserName":"gh_0ec3ecf3a4ed"}
2019-08-05 10:10:43 [INFO] [http-nio-80-exec-10] c.y.w.a.s.impl.MessageServiceImpl - {"Content":"/:jj/:jj/:@)/:@)很好看GV","CreateTime":"1564971050","FromUserName":"o_uZNwBSDkW7qD6HyHyNUh3P44gA","MsgId":"22405000714894850","MsgType":"text","ToUserName":"gh_0ec3ecf3a4ed"}
2019-08-05 10:11:10 [INFO] [http-nio-80-exec-5] c.y.w.a.s.impl.MessageServiceImpl - {"CreateTime":"1564971077","Event":"CLICK","EventKey":"menu1","FromUserName":"o_uZNwEZvsYvnuPWWx0p9UfRg4hA","MsgType":"event","ToUserName":"gh_0ec3ecf3a4ed"}
2019-08-05 10:12:35 [INFO] [http-nio-80-exec-7] c.y.w.a.s.impl.MessageServiceImpl - {"Content":"aaa","CreateTime":"1564971162","FromUserName":"o_uZNwEZvsYvnuPWWx0p9UfRg4hA","MsgId":"22405001494677135","MsgType":"text","ToUserName":"gh_0ec3ecf3a4ed"}
2019-08-05 11:05:26 [INFO] [http-nio-80-exec-2] c.y.w.a.s.impl.MessageServiceImpl - {"CreateTime":"1564974333","Event":"VIEW","EventKey":"http://2h240448c1.51mypc.cn/html/price/price.html","FromUserName":"o_uZNwBSDkW7qD6HyHyNUh3P44gA","MenuId":"464434398","MsgType":"event","ToUserName":"gh_0ec3ecf3a4ed"}
2019-08-05 11:09:02 [INFO] [http-nio-80-exec-7] c.y.w.a.s.impl.MessageServiceImpl - {"CreateTime":"1564974549","Event":"unsubscribe","EventKey":"","FromUserName":"o_uZNwBSDkW7qD6HyHyNUh3P44gA","MsgType":"event","ToUserName":"gh_0ec3ecf3a4ed"}
2019-08-05 11:09:22 [INFO] [http-nio-80-exec-8] c.y.w.a.s.impl.MessageServiceImpl - {"CreateTime":"1564974569","Event":"subscribe","EventKey":"","FromUserName":"o_uZNwBSDkW7qD6HyHyNUh3P44gA","MsgType":"event","ToUserName":"gh_0ec3ecf3a4ed"}
2019-08-05 11:09:33 [INFO] [http-nio-80-exec-6] c.y.w.a.s.impl.MessageServiceImpl - {"CreateTime":"1564974580","Event":"VIEW","EventKey":"http://2h240448c1.51mypc.cn/html/price/price.html","FromUserName":"o_uZNwBSDkW7qD6HyHyNUh3P44gA","MenuId":"464434409","MsgType":"event","ToUserName":"gh_0ec3ecf3a4ed"}
2019-08-05 11:10:49 [INFO] [http-nio-80-exec-2] c.y.w.a.s.impl.MessageServiceImpl - {"CreateTime":"1564974656","Event":"CLICK","EventKey":"menu2","FromUserName":"o_uZNwEZvsYvnuPWWx0p9UfRg4hA","MsgType":"event","ToUserName":"gh_0ec3ecf3a4ed"}
2019-08-05 11:10:49 [INFO] [http-nio-80-exec-7] c.y.w.a.s.impl.MessageServiceImpl - {"CreateTime":"1564974657","Event":"CLICK","EventKey":"menu2","FromUserName":"o_uZNwEZvsYvnuPWWx0p9UfRg4hA","MsgType":"event","ToUserName":"gh_0ec3ecf3a4ed"}
2019-08-05 11:11:20 [INFO] [http-nio-80-exec-9] c.y.w.a.s.impl.MessageServiceImpl - {"CreateTime":"1564974687","Event":"VIEW","EventKey":"http://2h240448c1.51mypc.cn/html/price/price.html","FromUserName":"o_uZNwBSDkW7qD6HyHyNUh3P44gA","MenuId":"464434409","MsgType":"event","ToUserName":"gh_0ec3ecf3a4ed"}
2019-08-05 11:12:31 [INFO] [http-nio-80-exec-6] c.y.w.a.s.impl.MessageServiceImpl - {"CreateTime":"1564974758","Event":"VIEW","EventKey":"http://2h240448c1.51mypc.cn/html/price/price.html","FromUserName":"o_uZNwBSDkW7qD6HyHyNUh3P44gA","MenuId":"464434409","MsgType":"event","ToUserName":"gh_0ec3ecf3a4ed"}
2019-08-05 11:12:51 [INFO] [http-nio-80-exec-8] c.y.w.a.s.impl.MessageServiceImpl - {"CreateTime":"1564974778","Event":"VIEW","EventKey":"http://2h240448c1.51mypc.cn/html/price/price.html","FromUserName":"o_uZNwEZvsYvnuPWWx0p9UfRg4hA","MenuId":"464434409","MsgType":"event","ToUserName":"gh_0ec3ecf3a4ed"}
2019-08-05 13:58:15 [INFO] [http-nio-80-exec-7] c.y.w.a.s.impl.MessageServiceImpl - {"CreateTime":"1564984702","Event":"VIEW","EventKey":"http://2h240448c1.51mypc.cn/html/price/price.html","FromUserName":"o_uZNwEZvsYvnuPWWx0p9UfRg4hA","MenuId":"464434409","MsgType":"event","ToUserName":"gh_0ec3ecf3a4ed"}
2019-08-05 13:58:27 [INFO] [http-nio-80-exec-9] c.y.w.a.s.impl.MessageServiceImpl - {"CreateTime":"1564984713","Event":"CLICK","EventKey":"menu2","FromUserName":"o_uZNwEZvsYvnuPWWx0p9UfRg4hA","MsgType":"event","ToUserName":"gh_0ec3ecf3a4ed"}
2019-08-05 13:58:28 [INFO] [http-nio-80-exec-3] c.y.w.a.s.impl.MessageServiceImpl - {"CreateTime":"1564984715","Event":"CLICK","EventKey":"menu3","FromUserName":"o_uZNwEZvsYvnuPWWx0p9UfRg4hA","MsgType":"event","ToUserName":"gh_0ec3ecf3a4ed"}
