2019-07-30 09:07:43 [WARN] [main] o.m.s.mapper.ClassPathMapperScanner - No MyBatis mapper was found in '[com.youyoubo.wx.*.mapper]' package. Please check your configuration.
2019-07-30 09:07:43 [WARN] [main] o.m.s.mapper.ClassPathMapperScanner - No MyBatis mapper was found in '[com.youyoubo.wx]' package. Please check your configuration.
2019-07-30 09:07:46 [WARN] [main] o.s.b.c.e.AnnotationConfigEmbeddedWebApplicationContext - Exception encountered during context initialization - cancelling refresh attempt: org.springframework.beans.factory.UnsatisfiedDependencyException: Error creating bean with name 'baseDao': Unsatisfied dependency expressed through field 'sqlSessionTemplate'; nested exception is org.springframework.beans.factory.UnsatisfiedDependencyException: Error creating bean with name 'sqlSessionTemplate' defined in class path resource [org/mybatis/spring/boot/autoconfigure/MybatisAutoConfiguration.class]: Unsatisfied dependency expressed through method 'sqlSessionTemplate' parameter 0; nested exception is org.springframework.beans.factory.BeanCreationException: Error creating bean with name 'sqlSessionFactory' defined in class path resource [com/youyoubo/wx/config/DruidConfiguration.class]: Bean instantiation via factory method failed; nested exception is org.springframework.beans.BeanInstantiationException: Failed to instantiate [org.apache.ibatis.session.SqlSessionFactory]: Factory method 'sqlSessionFactory' threw exception; nested exception is org.springframework.core.NestedIOException: Failed to parse mapping resource: 'file [E:\youyoubo_git\wx\target\classes\mapper\MyMapper.xml]'; nested exception is org.apache.ibatis.builder.BuilderException: Error creating document instance.  Cause: org.xml.sax.SAXParseException; lineNumber: 16; columnNumber: 31; 必须声明元素类型 "dynamic"。
2019-07-30 09:09:48 [WARN] [main] o.m.s.mapper.ClassPathMapperScanner - No MyBatis mapper was found in '[com.youyoubo.wx.*.mapper]' package. Please check your configuration.
2019-07-30 09:09:48 [WARN] [main] o.m.s.mapper.ClassPathMapperScanner - No MyBatis mapper was found in '[com.youyoubo.wx]' package. Please check your configuration.
2019-07-30 09:10:35 [WARN] [http-nio-9720-exec-1] o.s.web.servlet.PageNotFound - Request method 'GET' not supported
2019-07-30 09:11:38 [WARN] [http-nio-9720-exec-5] o.s.web.servlet.PageNotFound - Request method 'GET' not supported
2019-07-30 09:11:50 [WARN] [main] o.m.s.mapper.ClassPathMapperScanner - No MyBatis mapper was found in '[com.youyoubo.wx.*.mapper]' package. Please check your configuration.
2019-07-30 09:11:50 [WARN] [main] o.m.s.mapper.ClassPathMapperScanner - No MyBatis mapper was found in '[com.youyoubo.wx]' package. Please check your configuration.
2019-07-30 09:12:00 [WARN] [http-nio-9720-exec-1] o.s.w.s.m.s.DefaultHandlerExceptionResolver - Failed to read HTTP message: org.springframework.http.converter.HttpMessageNotReadableException: Required request body is missing: public com.tcwy.distribute.result.BaseResult com.youyoubo.wx.test.controller.TestController.select(java.util.Map)
2019-07-30 09:12:23 [WARN] [http-nio-9720-exec-5] o.s.w.s.m.s.DefaultHandlerExceptionResolver - Failed to read HTTP message: org.springframework.http.converter.HttpMessageNotReadableException: Required request body is missing: public com.tcwy.distribute.result.BaseResult com.youyoubo.wx.test.controller.TestController.select(java.util.Map)
2019-07-30 09:12:45 [WARN] [main] o.m.s.mapper.ClassPathMapperScanner - No MyBatis mapper was found in '[com.youyoubo.wx.*.mapper]' package. Please check your configuration.
2019-07-30 09:12:45 [WARN] [main] o.m.s.mapper.ClassPathMapperScanner - No MyBatis mapper was found in '[com.youyoubo.wx]' package. Please check your configuration.
2019-07-30 09:12:53 [WARN] [http-nio-9720-exec-1] o.s.w.s.m.s.DefaultHandlerExceptionResolver - Failed to read HTTP message: org.springframework.http.converter.HttpMessageNotReadableException: Required request body is missing: public com.tcwy.distribute.result.BaseResult com.youyoubo.wx.test.controller.TestController.select(java.util.Map)
2019-07-30 09:13:01 [WARN] [http-nio-9720-exec-5] o.s.w.s.m.s.DefaultHandlerExceptionResolver - Failed to read HTTP message: org.springframework.http.converter.HttpMessageNotReadableException: Required request body is missing: public com.tcwy.distribute.result.BaseResult com.youyoubo.wx.test.controller.TestController.select(java.util.Map)
2019-07-30 09:13:09 [WARN] [http-nio-9720-exec-3] o.s.w.s.m.s.DefaultHandlerExceptionResolver - Failed to read HTTP message: org.springframework.http.converter.HttpMessageNotReadableException: Required request body is missing: public com.tcwy.distribute.result.BaseResult com.youyoubo.wx.test.controller.TestController.select(java.util.Map)
2019-07-30 09:13:45 [WARN] [http-nio-9720-exec-4] o.s.w.s.m.s.DefaultHandlerExceptionResolver - Failed to read HTTP message: org.springframework.http.converter.HttpMessageNotReadableException: Required request body is missing: public com.tcwy.distribute.result.BaseResult com.youyoubo.wx.test.controller.TestController.select(java.util.Map)
2019-07-30 09:14:17 [WARN] [main] o.m.s.mapper.ClassPathMapperScanner - No MyBatis mapper was found in '[com.youyoubo.wx.*.mapper]' package. Please check your configuration.
2019-07-30 09:14:17 [WARN] [main] o.m.s.mapper.ClassPathMapperScanner - No MyBatis mapper was found in '[com.youyoubo.wx]' package. Please check your configuration.
2019-07-30 09:14:45 [WARN] [main] o.m.s.mapper.ClassPathMapperScanner - No MyBatis mapper was found in '[com.youyoubo.wx.*.mapper]' package. Please check your configuration.
2019-07-30 09:14:45 [WARN] [main] o.m.s.mapper.ClassPathMapperScanner - No MyBatis mapper was found in '[com.youyoubo.wx]' package. Please check your configuration.
2019-07-30 09:16:48 [WARN] [main] o.m.s.mapper.ClassPathMapperScanner - No MyBatis mapper was found in '[com.youyoubo.wx.*.mapper]' package. Please check your configuration.
2019-07-30 09:16:48 [WARN] [main] o.m.s.mapper.ClassPathMapperScanner - No MyBatis mapper was found in '[com.youyoubo.wx]' package. Please check your configuration.
2019-07-30 09:35:46 [WARN] [main] o.m.s.mapper.ClassPathMapperScanner - No MyBatis mapper was found in '[com.youyoubo.wx.*.mapper]' package. Please check your configuration.
2019-07-30 09:35:47 [WARN] [main] o.m.s.mapper.ClassPathMapperScanner - No MyBatis mapper was found in '[com.youyoubo.wx]' package. Please check your configuration.
2019-07-30 09:35:56 [WARN] [http-nio-80-exec-1] o.s.w.s.m.s.DefaultHandlerExceptionResolver - Failed to read HTTP message: org.springframework.http.converter.HttpMessageNotReadableException: Required request body is missing: public com.tcwy.distribute.result.BaseResult com.youyoubo.wx.access.action.AccessAction.doGet(java.util.Map)
2019-07-30 09:41:07 [WARN] [http-nio-80-exec-1] o.s.w.s.m.s.DefaultHandlerExceptionResolver - Failed to read HTTP message: org.springframework.http.converter.HttpMessageNotReadableException: Required request body is missing: public com.tcwy.distribute.result.BaseResult com.youyoubo.wx.access.action.AccessAction.doGet(java.util.Map)
2019-07-30 09:45:19 [WARN] [main] o.m.s.mapper.ClassPathMapperScanner - No MyBatis mapper was found in '[com.youyoubo.wx.*.mapper]' package. Please check your configuration.
2019-07-30 09:45:19 [WARN] [main] o.m.s.mapper.ClassPathMapperScanner - No MyBatis mapper was found in '[com.youyoubo.wx]' package. Please check your configuration.
2019-07-30 09:50:02 [WARN] [main] o.m.s.mapper.ClassPathMapperScanner - No MyBatis mapper was found in '[com.youyoubo.wx.*.mapper]' package. Please check your configuration.
2019-07-30 09:50:02 [WARN] [main] o.m.s.mapper.ClassPathMapperScanner - No MyBatis mapper was found in '[com.youyoubo.wx]' package. Please check your configuration.
2019-07-30 09:51:16 [WARN] [http-nio-80-exec-2] o.s.w.s.m.s.DefaultHandlerExceptionResolver - Failed to read HTTP message: org.springframework.http.converter.HttpMessageNotReadableException: Required request body is missing: public java.lang.String com.youyoubo.wx.access.action.AccessAction.doGet(java.util.Map)
2019-07-30 09:54:33 [WARN] [main] o.m.s.mapper.ClassPathMapperScanner - No MyBatis mapper was found in '[com.youyoubo.wx.*.mapper]' package. Please check your configuration.
2019-07-30 09:54:33 [WARN] [main] o.m.s.mapper.ClassPathMapperScanner - No MyBatis mapper was found in '[com.youyoubo.wx]' package. Please check your configuration.
2019-07-30 09:55:35 [WARN] [main] o.m.s.mapper.ClassPathMapperScanner - No MyBatis mapper was found in '[com.youyoubo.wx.*.mapper]' package. Please check your configuration.
2019-07-30 09:55:35 [WARN] [main] o.m.s.mapper.ClassPathMapperScanner - No MyBatis mapper was found in '[com.youyoubo.wx]' package. Please check your configuration.
2019-07-30 10:22:10 [WARN] [main] o.m.s.mapper.ClassPathMapperScanner - No MyBatis mapper was found in '[com.youyoubo.wx.*.mapper]' package. Please check your configuration.
2019-07-30 10:22:11 [WARN] [main] o.m.s.mapper.ClassPathMapperScanner - No MyBatis mapper was found in '[com.youyoubo.wx]' package. Please check your configuration.
2019-07-30 10:26:51 [WARN] [main] o.m.s.mapper.ClassPathMapperScanner - No MyBatis mapper was found in '[com.youyoubo.wx.*.mapper]' package. Please check your configuration.
2019-07-30 10:26:51 [WARN] [main] o.m.s.mapper.ClassPathMapperScanner - No MyBatis mapper was found in '[com.youyoubo.wx]' package. Please check your configuration.
2019-07-30 16:10:28 [WARN] [main] o.s.b.c.e.AnnotationConfigEmbeddedWebApplicationContext - Exception encountered during context initialization - cancelling refresh attempt: org.springframework.beans.factory.UnsatisfiedDependencyException: Error creating bean with name 'baseDao': Unsatisfied dependency expressed through field 'sqlSessionTemplate'; nested exception is org.springframework.beans.factory.UnsatisfiedDependencyException: Error creating bean with name 'sqlSessionTemplate' defined in class path resource [org/mybatis/spring/boot/autoconfigure/MybatisAutoConfiguration.class]: Unsatisfied dependency expressed through method 'sqlSessionTemplate' parameter 0; nested exception is org.springframework.beans.factory.BeanCreationException: Error creating bean with name 'sqlSessionFactory' defined in class path resource [com/youyoubo/wx/config/DruidConfiguration.class]: Bean instantiation via factory method failed; nested exception is org.springframework.beans.BeanInstantiationException: Failed to instantiate [org.apache.ibatis.session.SqlSessionFactory]: Factory method 'sqlSessionFactory' threw exception; nested exception is org.springframework.core.NestedIOException: Failed to parse mapping resource: 'file [E:\youyoubo_git\wx\target\classes\mapper\message\WxUserListMapper.xml]'; nested exception is org.apache.ibatis.builder.BuilderException: Error creating document instance.  Cause: org.xml.sax.SAXParseException; lineNumber: 59; columnNumber: 10; 元素类型为 "mapper" 的内容必须匹配 "(cache-ref|cache|resultMap*|parameterMap*|sql*|insert*|update*|delete*|select*)+"。
